INFO  @ Thu, 26 Aug 2021 16:55:26: 
# Command line: callpeak -t ../aligned_data/experiment/k562_H3K4me3_exp_rep1Aligned.sortedByCoord.out.bam -c ../aligned_data/control/k562_control_rep1_trimmedAligned.sortedByCoord.out.bam -f BAM -g 1.3e+8 -n k562_H3K4me3_exp_rep1 --outdir /home/spencer/chipseq-analysis/macs3
# ARGUMENTS LIST:
# name = k562_H3K4me3_exp_rep1
# format = BAM
# ChIP-seq file = ['../aligned_data/experiment/k562_H3K4me3_exp_rep1Aligned.sortedByCoord.out.bam']
# control file = ['../aligned_data/control/k562_control_rep1_trimmedAligned.sortedByCoord.out.bam']
# effective genome size = 1.30e+08
# band width = 300
# model fold = [5, 50]
# qvalue cutoff = 5.00e-02
# The maximum gap between significant sites is assigned as the read length/tag size.
# The minimum length of peaks is assigned as the predicted fragment length "d".
# Larger dataset will be scaled towards smaller dataset.
# Range for calculating regional lambda is: 1000 bps and 10000 bps
# Broad region calling is off
# Paired-End mode is off
 
INFO  @ Thu, 26 Aug 2021 16:55:26: #1 read tag files... 
INFO  @ Thu, 26 Aug 2021 16:55:26: #1 read treatment tags... 
INFO  @ Thu, 26 Aug 2021 16:55:28:  1000000 reads parsed 
INFO  @ Thu, 26 Aug 2021 16:55:29:  2000000 reads parsed 
INFO  @ Thu, 26 Aug 2021 16:55:31:  3000000 reads parsed 
INFO  @ Thu, 26 Aug 2021 16:55:32:  4000000 reads parsed 
INFO  @ Thu, 26 Aug 2021 16:55:33:  5000000 reads parsed 
INFO  @ Thu, 26 Aug 2021 16:55:35:  6000000 reads parsed 
INFO  @ Thu, 26 Aug 2021 16:55:36:  7000000 reads parsed 
INFO  @ Thu, 26 Aug 2021 16:55:38:  8000000 reads parsed 
INFO  @ Thu, 26 Aug 2021 16:55:39:  9000000 reads parsed 
INFO  @ Thu, 26 Aug 2021 16:55:40:  10000000 reads parsed 
INFO  @ Thu, 26 Aug 2021 16:55:42:  11000000 reads parsed 
INFO  @ Thu, 26 Aug 2021 16:55:43:  12000000 reads parsed 
INFO  @ Thu, 26 Aug 2021 16:55:44:  13000000 reads parsed 
INFO  @ Thu, 26 Aug 2021 16:55:46:  14000000 reads parsed 
INFO  @ Thu, 26 Aug 2021 16:55:47:  15000000 reads parsed 
INFO  @ Thu, 26 Aug 2021 16:55:49:  16000000 reads parsed 
INFO  @ Thu, 26 Aug 2021 16:55:50:  17000000 reads parsed 
INFO  @ Thu, 26 Aug 2021 16:55:51:  18000000 reads parsed 
INFO  @ Thu, 26 Aug 2021 16:55:53:  19000000 reads parsed 
INFO  @ Thu, 26 Aug 2021 16:55:54:  20000000 reads parsed 
INFO  @ Thu, 26 Aug 2021 16:55:56:  21000000 reads parsed 
INFO  @ Thu, 26 Aug 2021 16:55:57:  22000000 reads parsed 
INFO  @ Thu, 26 Aug 2021 16:55:58:  23000000 reads parsed 
INFO  @ Thu, 26 Aug 2021 16:56:00:  24000000 reads parsed 
INFO  @ Thu, 26 Aug 2021 16:56:01:  25000000 reads parsed 
INFO  @ Thu, 26 Aug 2021 16:56:02:  26000000 reads parsed 
INFO  @ Thu, 26 Aug 2021 16:56:04:  27000000 reads parsed 
INFO  @ Thu, 26 Aug 2021 16:56:05:  28000000 reads parsed 
INFO  @ Thu, 26 Aug 2021 16:56:07:  29000000 reads parsed 
INFO  @ Thu, 26 Aug 2021 16:56:08:  30000000 reads parsed 
INFO  @ Thu, 26 Aug 2021 16:56:09:  31000000 reads parsed 
INFO  @ Thu, 26 Aug 2021 16:56:11: 31923392 reads have been read. 
INFO  @ Thu, 26 Aug 2021 16:56:11: #1.2 read input tags... 
INFO  @ Thu, 26 Aug 2021 16:56:12:  1000000 reads parsed 
INFO  @ Thu, 26 Aug 2021 16:56:13:  2000000 reads parsed 
INFO  @ Thu, 26 Aug 2021 16:56:14:  3000000 reads parsed 
INFO  @ Thu, 26 Aug 2021 16:56:15:  4000000 reads parsed 
INFO  @ Thu, 26 Aug 2021 16:56:16:  5000000 reads parsed 
INFO  @ Thu, 26 Aug 2021 16:56:17:  6000000 reads parsed 
INFO  @ Thu, 26 Aug 2021 16:56:18:  7000000 reads parsed 
INFO  @ Thu, 26 Aug 2021 16:56:19:  8000000 reads parsed 
INFO  @ Thu, 26 Aug 2021 16:56:20:  9000000 reads parsed 
INFO  @ Thu, 26 Aug 2021 16:56:22:  10000000 reads parsed 
INFO  @ Thu, 26 Aug 2021 16:56:23:  11000000 reads parsed 
INFO  @ Thu, 26 Aug 2021 16:56:24:  12000000 reads parsed 
INFO  @ Thu, 26 Aug 2021 16:56:25:  13000000 reads parsed 
INFO  @ Thu, 26 Aug 2021 16:56:26:  14000000 reads parsed 
INFO  @ Thu, 26 Aug 2021 16:56:27:  15000000 reads parsed 
INFO  @ Thu, 26 Aug 2021 16:56:28:  16000000 reads parsed 
INFO  @ Thu, 26 Aug 2021 16:56:29: 16980361 reads have been read. 
INFO  @ Thu, 26 Aug 2021 16:56:29: #1 tag size is determined as 76 bps 
INFO  @ Thu, 26 Aug 2021 16:56:29: #1 tag size = 76.0 
INFO  @ Thu, 26 Aug 2021 16:56:29: #1  total tags in treatment: 31923392 
INFO  @ Thu, 26 Aug 2021 16:56:29: #1 user defined the maximum tags... 
INFO  @ Thu, 26 Aug 2021 16:56:29: #1 filter out redundant tags at the same location and the same strand by allowing at most 1 tag(s) 
INFO  @ Thu, 26 Aug 2021 16:56:29: #1  tags after filtering in treatment: 28753730 
INFO  @ Thu, 26 Aug 2021 16:56:29: #1  Redundant rate of treatment: 0.10 
INFO  @ Thu, 26 Aug 2021 16:56:29: #1  total tags in control: 16980361 
INFO  @ Thu, 26 Aug 2021 16:56:29: #1 user defined the maximum tags... 
INFO  @ Thu, 26 Aug 2021 16:56:29: #1 filter out redundant tags at the same location and the same strand by allowing at most 1 tag(s) 
INFO  @ Thu, 26 Aug 2021 16:56:29: #1  tags after filtering in control: 16423973 
INFO  @ Thu, 26 Aug 2021 16:56:29: #1  Redundant rate of control: 0.03 
INFO  @ Thu, 26 Aug 2021 16:56:29: #1 finished! 
INFO  @ Thu, 26 Aug 2021 16:56:29: #2 Build Peak Model... 
INFO  @ Thu, 26 Aug 2021 16:56:29: #2 looking for paired plus/minus strand peaks... 
INFO  @ Thu, 26 Aug 2021 16:56:42: #2 Total number of paired peaks: 35 
WARNING @ Thu, 26 Aug 2021 16:56:42: #2 MACS3 needs at least 100 paired peaks at + and - strand to build the model, but can only find 35! Please make your MFOLD range broader and try again. If MACS3 still can't build the model, we suggest to use --nomodel and --extsize 147 or other fixed number instead. 
WARNING @ Thu, 26 Aug 2021 16:56:42: #2 Process for pairing-model is terminated! 
